E:\MP4LIB\MP4\DEBUG\MP4.LIB
E:\MP4LIB\MP4\MP4\DEBUG\AVC1.OBJ
E:\MP4LIB\MP4\MP4\DEBUG\AVCC.OBJ
E:\MP4LIB\MP4\MP4\DEBUG\BOX.OBJ
E:\mp4lib\mp4\mp4\Debug\cl.command.1.tlog
E:\mp4lib\mp4\mp4\Debug\CL.read.1.tlog
E:\mp4lib\mp4\mp4\Debug\CL.write.1.tlog
E:\MP4LIB\MP4\MP4\DEBUG\DINF.OBJ
E:\MP4LIB\MP4\MP4\DEBUG\DREF.OBJ
E:\MP4LIB\MP4\MP4\DEBUG\FTYP.OBJ
E:\MP4LIB\MP4\MP4\DEBUG\HDLR.OBJ
E:\mp4lib\mp4\mp4\Debug\lib.command.1.tlog
E:\mp4lib\mp4\mp4\Debug\Lib-link.read.1.tlog
E:\mp4lib\mp4\mp4\Debug\Lib-link.write.1.tlog
E:\MP4LIB\MP4\MP4\DEBUG\MDAT.OBJ
E:\MP4LIB\MP4\MP4\DEBUG\MDHD.OBJ
E:\MP4LIB\MP4\MP4\DEBUG\MDIA.OBJ
E:\MP4LIB\MP4\MP4\DEBUG\MEMORY.OBJ
E:\MP4LIB\MP4\MP4\DEBUG\MFHD.OBJ
E:\MP4LIB\MP4\MP4\DEBUG\MINF.OBJ
E:\MP4LIB\MP4\MP4\DEBUG\MOOF.OBJ
E:\MP4LIB\MP4\MP4\DEBUG\MOOV.OBJ
E:\MP4LIB\MP4\MP4\DEBUG\MP4.OBJ
E:\mp4lib\mp4\mp4\Debug\mp4.write.1.tlog
E:\MP4LIB\MP4\MP4\DEBUG\MP4CREATOR.OBJ
E:\MP4LIB\MP4\MP4\DEBUG\MVHD.OBJ
E:\MP4LIB\MP4\MP4\DEBUG\ROOT.OBJ
E:\MP4LIB\MP4\MP4\DEBUG\STBL.OBJ
E:\MP4LIB\MP4\MP4\DEBUG\STCO.OBJ
E:\MP4LIB\MP4\MP4\DEBUG\STSC.OBJ
E:\MP4LIB\MP4\MP4\DEBUG\STSD.OBJ
E:\MP4LIB\MP4\MP4\DEBUG\STSZ.OBJ
E:\MP4LIB\MP4\MP4\DEBUG\STTS.OBJ
E:\MP4LIB\MP4\MP4\DEBUG\TFDT.OBJ
E:\MP4LIB\MP4\MP4\DEBUG\TFHD.OBJ
E:\MP4LIB\MP4\MP4\DEBUG\TKHD.OBJ
E:\MP4LIB\MP4\MP4\DEBUG\TRAF.OBJ
E:\MP4LIB\MP4\MP4\DEBUG\TRAK.OBJ
E:\MP4LIB\MP4\MP4\DEBUG\TURN.OBJ
E:\MP4LIB\MP4\MP4\DEBUG\UNIT.OBJ
E:\MP4LIB\MP4\MP4\DEBUG\URL.OBJ
E:\mp4lib\mp4\mp4\Debug\vc100.idb
E:\MP4LIB\MP4\MP4\DEBUG\VC100.PDB
E:\MP4LIB\MP4\MP4\DEBUG\VMHD.OBJ
